2025-03-30 17:40:39,556 - INFO - Data fetched successfully from API
2025-03-30 17:41:26,336 - INFO - Data fetched successfully from API
2025-03-30 17:41:26,472 - INFO - Data saved to PostgreSQL
2025-03-30 17:41:56,881 - INFO - Data fetched successfully from API
2025-03-30 17:41:56,991 - INFO - Data saved to PostgreSQL
2025-03-30 17:42:27,504 - INFO - Data fetched successfully from API
2025-03-30 17:42:27,615 - INFO - Data saved to PostgreSQL
2025-03-30 17:42:59,393 - INFO - Data fetched successfully from API
2025-03-30 17:42:59,507 - INFO - Data saved to PostgreSQL
2025-03-30 17:43:30,044 - INFO - Data fetched successfully from API
2025-03-30 17:43:30,151 - INFO - Data saved to PostgreSQL
2025-03-30 17:44:00,694 - INFO - Data fetched successfully from API
2025-03-30 17:44:00,803 - INFO - Data saved to PostgreSQL
2025-03-30 17:44:31,217 - INFO - Data fetched successfully from API
2025-03-30 17:44:31,329 - INFO - Data saved to PostgreSQL
2025-03-30 17:45:01,733 - INFO - Data fetched successfully from API
2025-03-30 17:45:01,856 - INFO - Data saved to PostgreSQL
2025-03-30 17:45:33,672 - INFO - Data fetched successfully from API
2025-03-30 17:45:33,799 - INFO - Data saved to PostgreSQL
2025-03-30 17:46:04,292 - INFO - Data fetched successfully from API
2025-03-30 17:46:04,399 - INFO - Data saved to PostgreSQL
2025-03-30 17:46:34,818 - INFO - Data fetched successfully from API
2025-03-30 17:46:34,929 - INFO - Data saved to PostgreSQL
2025-03-30 17:47:05,322 - INFO - Data fetched successfully from API
2025-03-30 17:47:05,430 - INFO - Data saved to PostgreSQL
2025-03-30 17:47:35,858 - INFO - Data fetched successfully from API
2025-03-30 17:47:35,972 - INFO - Data saved to PostgreSQL
2025-03-30 17:48:06,378 - INFO - Data fetched successfully from API
2025-03-30 17:48:06,503 - INFO - Data saved to PostgreSQL
2025-03-30 17:48:36,909 - INFO - Data fetched successfully from API
2025-03-30 17:48:37,035 - INFO - Data saved to PostgreSQL
2025-03-30 17:49:07,438 - INFO - Data fetched successfully from API
2025-03-30 17:49:07,574 - INFO - Data saved to PostgreSQL
2025-03-30 17:49:38,113 - INFO - Data fetched successfully from API
2025-03-30 17:49:38,234 - INFO - Data saved to PostgreSQL
2025-03-30 17:50:10,473 - INFO - Data fetched successfully from API
2025-03-30 17:50:10,579 - INFO - Data saved to PostgreSQL
2025-03-30 17:50:41,197 - INFO - Data fetched successfully from API
2025-03-30 17:50:41,305 - INFO - Data saved to PostgreSQL
2025-03-30 17:51:11,744 - INFO - Data fetched successfully from API
2025-03-30 17:51:11,849 - INFO - Data saved to PostgreSQL
2025-03-30 17:51:42,842 - INFO - Data fetched successfully from API
2025-03-30 17:51:42,978 - INFO - Data saved to PostgreSQL
2025-03-30 17:52:13,473 - INFO - Data fetched successfully from API
2025-03-30 17:52:13,587 - INFO - Data saved to PostgreSQL
2025-03-30 17:52:43,993 - INFO - Data fetched successfully from API
2025-03-30 17:52:44,125 - INFO - Data saved to PostgreSQL
2025-03-30 17:53:14,533 - INFO - Data fetched successfully from API
2025-03-30 17:53:14,649 - INFO - Data saved to PostgreSQL
2025-03-30 17:53:45,050 - INFO - Data fetched successfully from API
2025-03-30 17:53:45,265 - INFO - Data saved to PostgreSQL
2025-03-30 17:54:15,693 - INFO - Data fetched successfully from API
2025-03-30 17:54:15,805 - INFO - Data saved to PostgreSQL
2025-03-30 17:54:46,208 - INFO - Data fetched successfully from API
2025-03-30 17:54:46,321 - INFO - Data saved to PostgreSQL
2025-03-30 17:55:17,286 - INFO - Data fetched successfully from API
2025-03-30 17:55:17,400 - INFO - Data saved to PostgreSQL
2025-03-30 17:55:47,813 - INFO - Data fetched successfully from API
2025-03-30 17:55:47,922 - INFO - Data saved to PostgreSQL
2025-03-30 17:56:18,409 - INFO - Data fetched successfully from API
2025-03-30 17:56:18,521 - INFO - Data saved to PostgreSQL
2025-03-30 17:56:49,235 - INFO - Data fetched successfully from API
2025-03-30 17:56:49,343 - INFO - Data saved to PostgreSQL
2025-03-30 17:57:19,767 - INFO - Data fetched successfully from API
2025-03-30 17:57:19,872 - INFO - Data saved to PostgreSQL
2025-03-30 17:57:50,280 - INFO - Data fetched successfully from API
2025-03-30 17:57:50,390 - INFO - Data saved to PostgreSQL
2025-03-30 17:58:20,887 - INFO - Data fetched successfully from API
2025-03-30 17:58:21,002 - INFO - Data saved to PostgreSQL
2025-03-30 17:58:51,527 - INFO - Data fetched successfully from API
2025-03-30 17:58:51,629 - INFO - Data saved to PostgreSQL
2025-03-30 17:59:22,033 - INFO - Data fetched successfully from API
2025-03-30 17:59:22,144 - INFO - Data saved to PostgreSQL
2025-03-30 17:59:52,914 - INFO - Data fetched successfully from API
2025-03-30 17:59:53,010 - INFO - Data saved to PostgreSQL
2025-03-30 18:18:00,656 - INFO - Data fetched successfully from API
2025-03-30 18:18:01,302 - INFO - Data saved to PostgreSQL
2025-03-30 18:18:31,750 - INFO - Data fetched successfully from API
2025-03-30 18:18:31,879 - INFO - Data saved to PostgreSQL
2025-03-30 18:19:02,291 - INFO - Data fetched successfully from API
2025-03-30 18:19:02,399 - INFO - Data saved to PostgreSQL
2025-03-30 18:19:32,900 - INFO - Data fetched successfully from API
2025-03-30 18:19:33,026 - INFO - Data saved to PostgreSQL
2025-03-30 18:20:03,427 - INFO - Data fetched successfully from API
2025-03-30 18:20:03,536 - INFO - Data saved to PostgreSQL
2025-03-30 18:20:33,938 - INFO - Data fetched successfully from API
2025-03-30 18:20:34,047 - INFO - Data saved to PostgreSQL
2025-03-30 18:21:04,477 - INFO - Data fetched successfully from API
2025-03-30 18:21:04,589 - INFO - Data saved to PostgreSQL
2025-03-30 18:21:35,016 - INFO - Data fetched successfully from API
2025-03-30 18:21:35,138 - INFO - Data saved to PostgreSQL
2025-03-30 18:22:05,543 - INFO - Data fetched successfully from API
2025-03-30 18:22:05,655 - INFO - Data saved to PostgreSQL
2025-03-30 18:22:36,065 - INFO - Data fetched successfully from API
2025-03-30 18:22:36,169 - INFO - Data saved to PostgreSQL
2025-03-30 18:23:06,616 - INFO - Data fetched successfully from API
2025-03-30 18:23:06,725 - INFO - Data saved to PostgreSQL
2025-03-30 18:23:37,165 - INFO - Data fetched successfully from API
2025-03-30 18:23:37,282 - INFO - Data saved to PostgreSQL
2025-03-30 18:24:07,853 - INFO - Data fetched successfully from API
2025-03-30 18:24:07,968 - INFO - Data saved to PostgreSQL
2025-03-30 18:24:38,608 - INFO - Data fetched successfully from API
2025-03-30 18:24:38,718 - INFO - Data saved to PostgreSQL
2025-03-30 18:25:09,227 - INFO - Data fetched successfully from API
2025-03-30 18:25:09,341 - INFO - Data saved to PostgreSQL
2025-03-30 18:25:39,843 - INFO - Data fetched successfully from API
2025-03-30 18:25:39,957 - INFO - Data saved to PostgreSQL
2025-03-30 18:26:11,027 - INFO - Data fetched successfully from API
2025-03-30 18:26:11,132 - INFO - Data saved to PostgreSQL
2025-03-30 18:26:41,595 - INFO - Data fetched successfully from API
2025-03-30 18:26:41,701 - INFO - Data saved to PostgreSQL
2025-03-30 18:27:12,120 - INFO - Data fetched successfully from API
2025-03-30 18:27:12,227 - INFO - Data saved to PostgreSQL
2025-03-30 18:27:42,730 - INFO - Data fetched successfully from API
2025-03-30 18:27:42,843 - INFO - Data saved to PostgreSQL
2025-03-30 18:28:13,265 - INFO - Data fetched successfully from API
2025-03-30 18:28:13,377 - INFO - Data saved to PostgreSQL
2025-03-30 18:28:43,866 - INFO - Data fetched successfully from API
2025-03-30 18:28:43,971 - INFO - Data saved to PostgreSQL
2025-03-30 18:29:14,485 - INFO - Data fetched successfully from API
2025-03-30 18:29:14,589 - INFO - Data saved to PostgreSQL
2025-03-30 18:29:45,103 - INFO - Data fetched successfully from API
2025-03-30 18:29:45,209 - INFO - Data saved to PostgreSQL
2025-03-30 18:30:16,756 - INFO - Data fetched successfully from API
2025-03-30 18:30:16,869 - INFO - Data saved to PostgreSQL
2025-03-30 18:30:47,296 - INFO - Data fetched successfully from API
2025-03-30 18:30:47,406 - INFO - Data saved to PostgreSQL
2025-03-30 18:31:17,823 - INFO - Data fetched successfully from API
2025-03-30 18:31:17,948 - INFO - Data saved to PostgreSQL
2025-03-30 18:31:48,375 - INFO - Data fetched successfully from API
2025-03-30 18:31:48,501 - INFO - Data saved to PostgreSQL
2025-03-30 18:32:19,008 - INFO - Data fetched successfully from API
2025-03-30 18:32:19,116 - INFO - Data saved to PostgreSQL
2025-03-30 18:32:49,529 - INFO - Data fetched successfully from API
2025-03-30 18:32:49,656 - INFO - Data saved to PostgreSQL
2025-03-30 18:33:20,082 - INFO - Data fetched successfully from API
2025-03-30 18:33:20,197 - INFO - Data saved to PostgreSQL
2025-03-30 18:33:50,858 - INFO - Data fetched successfully from API
2025-03-30 18:33:50,992 - INFO - Data saved to PostgreSQL
2025-03-30 18:34:21,391 - INFO - Data fetched successfully from API
2025-03-30 18:34:21,508 - INFO - Data saved to PostgreSQL
2025-03-30 18:34:51,917 - INFO - Data fetched successfully from API
2025-03-30 18:34:52,030 - INFO - Data saved to PostgreSQL
2025-03-30 18:35:22,451 - INFO - Data fetched successfully from API
2025-03-30 18:35:22,567 - INFO - Data saved to PostgreSQL
2025-03-30 18:35:52,976 - INFO - Data fetched successfully from API
2025-03-30 18:35:53,089 - INFO - Data saved to PostgreSQL
2025-03-30 18:36:23,496 - INFO - Data fetched successfully from API
2025-03-30 18:36:23,604 - INFO - Data saved to PostgreSQL
2025-03-30 18:36:54,022 - INFO - Data fetched successfully from API
2025-03-30 18:36:54,127 - INFO - Data saved to PostgreSQL
2025-03-30 18:37:24,525 - INFO - Data fetched successfully from API
2025-03-30 18:37:24,635 - INFO - Data saved to PostgreSQL
2025-03-30 18:37:55,105 - INFO - Data fetched successfully from API
2025-03-30 18:37:55,214 - INFO - Data saved to PostgreSQL
2025-03-30 18:38:25,723 - INFO - Data fetched successfully from API
2025-03-30 18:38:25,840 - INFO - Data saved to PostgreSQL
2025-03-30 18:38:56,322 - INFO - Data fetched successfully from API
2025-03-30 18:38:56,432 - INFO - Data saved to PostgreSQL
2025-03-30 18:39:26,835 - INFO - Data fetched successfully from API
2025-03-30 18:39:26,964 - INFO - Data saved to PostgreSQL
2025-03-30 18:39:57,481 - INFO - Data fetched successfully from API
2025-03-30 18:39:57,589 - INFO - Data saved to PostgreSQL
2025-03-30 18:40:27,990 - INFO - Data fetched successfully from API
2025-03-30 18:40:28,123 - INFO - Data saved to PostgreSQL
2025-03-30 18:40:59,410 - INFO - Data fetched successfully from API
2025-03-30 18:40:59,521 - INFO - Data saved to PostgreSQL
2025-03-30 18:41:30,089 - INFO - Data fetched successfully from API
2025-03-30 18:41:30,231 - INFO - Data saved to PostgreSQL
2025-03-30 18:42:00,673 - INFO - Data fetched successfully from API
2025-03-30 18:42:00,801 - INFO - Data saved to PostgreSQL
2025-03-30 18:42:31,215 - INFO - Data fetched successfully from API
2025-03-30 18:42:31,328 - INFO - Data saved to PostgreSQL
2025-03-30 18:43:01,810 - INFO - Data fetched successfully from API
2025-03-30 18:43:01,922 - INFO - Data saved to PostgreSQL
2025-03-30 18:43:32,311 - INFO - Data fetched successfully from API
2025-03-30 18:43:32,449 - INFO - Data saved to PostgreSQL
2025-03-30 18:44:02,849 - INFO - Data fetched successfully from API
2025-03-30 18:44:02,977 - INFO - Data saved to PostgreSQL
2025-03-30 18:44:33,405 - INFO - Data fetched successfully from API
2025-03-30 18:44:33,520 - INFO - Data saved to PostgreSQL
2025-03-30 18:45:03,966 - INFO - Data fetched successfully from API
2025-03-30 18:45:04,081 - INFO - Data saved to PostgreSQL
2025-03-30 18:45:34,474 - INFO - Data fetched successfully from API
2025-03-30 18:45:34,589 - INFO - Data saved to PostgreSQL
2025-03-30 18:46:05,025 - INFO - Data fetched successfully from API
2025-03-30 18:46:05,143 - INFO - Data saved to PostgreSQL
2025-03-30 18:46:35,557 - INFO - Data fetched successfully from API
2025-03-30 18:46:35,672 - INFO - Data saved to PostgreSQL
2025-03-30 18:47:06,145 - INFO - Data fetched successfully from API
2025-03-30 18:47:06,257 - INFO - Data saved to PostgreSQL
2025-03-30 18:47:36,652 - INFO - Data fetched successfully from API
2025-03-30 18:47:36,769 - INFO - Data saved to PostgreSQL
2025-03-30 18:48:07,278 - INFO - Data fetched successfully from API
2025-03-30 18:48:07,389 - INFO - Data saved to PostgreSQL
2025-03-30 18:48:37,898 - INFO - Data fetched successfully from API
2025-03-30 18:48:37,996 - INFO - Data saved to PostgreSQL
2025-03-30 18:49:08,419 - INFO - Data fetched successfully from API
2025-03-30 18:49:08,543 - INFO - Data saved to PostgreSQL
2025-03-30 18:49:38,940 - INFO - Data fetched successfully from API
2025-03-30 18:49:39,054 - INFO - Data saved to PostgreSQL
2025-03-30 18:50:09,450 - INFO - Data fetched successfully from API
2025-03-30 18:50:09,569 - INFO - Data saved to PostgreSQL
2025-03-30 18:50:39,974 - INFO - Data fetched successfully from API
2025-03-30 18:50:40,090 - INFO - Data saved to PostgreSQL
2025-03-30 18:51:10,529 - INFO - Data fetched successfully from API
2025-03-30 18:51:10,652 - INFO - Data saved to PostgreSQL
2025-03-30 18:51:41,053 - INFO - Data fetched successfully from API
2025-03-30 18:51:41,172 - INFO - Data saved to PostgreSQL
2025-03-30 18:52:11,569 - INFO - Data fetched successfully from API
2025-03-30 18:52:11,682 - INFO - Data saved to PostgreSQL
2025-03-30 18:52:42,074 - INFO - Data fetched successfully from API
2025-03-30 18:52:42,197 - INFO - Data saved to PostgreSQL
2025-03-30 18:53:12,938 - INFO - Data fetched successfully from API
2025-03-30 18:53:13,049 - INFO - Data saved to PostgreSQL
2025-03-30 18:53:43,576 - INFO - Data fetched successfully from API
2025-03-30 18:53:43,689 - INFO - Data saved to PostgreSQL
2025-03-30 18:54:14,084 - INFO - Data fetched successfully from API
2025-03-30 18:54:14,195 - INFO - Data saved to PostgreSQL
2025-03-30 18:54:44,601 - INFO - Data fetched successfully from API
2025-03-30 18:54:44,726 - INFO - Data saved to PostgreSQL
2025-03-30 18:55:16,368 - INFO - Data fetched successfully from API
2025-03-30 18:55:16,485 - INFO - Data saved to PostgreSQL
2025-03-30 18:55:46,890 - INFO - Data fetched successfully from API
2025-03-30 18:55:46,997 - INFO - Data saved to PostgreSQL
2025-03-30 18:56:17,409 - INFO - Data fetched successfully from API
2025-03-30 18:56:17,523 - INFO - Data saved to PostgreSQL
2025-03-30 18:56:47,927 - INFO - Data fetched successfully from API
2025-03-30 18:56:48,050 - INFO - Data saved to PostgreSQL
2025-03-30 18:57:18,457 - INFO - Data fetched successfully from API
2025-03-30 18:57:18,570 - INFO - Data saved to PostgreSQL
2025-03-30 18:57:49,347 - INFO - Data fetched successfully from API
2025-03-30 18:57:49,457 - INFO - Data saved to PostgreSQL
2025-03-30 18:58:19,869 - INFO - Data fetched successfully from API
2025-03-30 18:58:19,981 - INFO - Data saved to PostgreSQL
2025-03-30 18:58:50,394 - INFO - Data fetched successfully from API
2025-03-30 18:58:50,510 - INFO - Data saved to PostgreSQL
2025-03-30 18:59:20,996 - INFO - Data fetched successfully from API
2025-03-30 18:59:21,105 - INFO - Data saved to PostgreSQL
2025-03-30 18:59:51,503 - INFO - Data fetched successfully from API
2025-03-30 18:59:51,627 - INFO - Data saved to PostgreSQL
2025-03-30 19:00:22,045 - INFO - Data fetched successfully from API
2025-03-30 19:00:22,166 - INFO - Data saved to PostgreSQL
2025-03-30 19:00:52,576 - INFO - Data fetched successfully from API
2025-03-30 19:00:52,701 - INFO - Data saved to PostgreSQL
2025-03-30 19:01:23,110 - INFO - Data fetched successfully from API
2025-03-30 19:01:23,213 - INFO - Data saved to PostgreSQL
2025-03-30 19:01:53,681 - INFO - Data fetched successfully from API
2025-03-30 19:01:53,788 - INFO - Data saved to PostgreSQL
2025-03-30 19:02:24,298 - INFO - Data fetched successfully from API
2025-03-30 19:02:24,401 - INFO - Data saved to PostgreSQL
2025-03-30 19:02:54,809 - INFO - Data fetched successfully from API
2025-03-30 19:02:54,915 - INFO - Data saved to PostgreSQL
2025-03-30 19:03:25,475 - INFO - Data fetched successfully from API
2025-03-30 19:03:25,583 - INFO - Data saved to PostgreSQL
2025-03-30 19:03:56,005 - INFO - Data fetched successfully from API
2025-03-30 19:03:56,113 - INFO - Data saved to PostgreSQL
2025-03-30 19:04:26,574 - INFO - Data fetched successfully from API
2025-03-30 19:04:26,688 - INFO - Data saved to PostgreSQL
2025-03-30 19:04:57,187 - INFO - Data fetched successfully from API
2025-03-30 19:04:57,299 - INFO - Data saved to PostgreSQL
2025-03-30 19:05:27,805 - INFO - Data fetched successfully from API
2025-03-30 19:05:27,935 - INFO - Data saved to PostgreSQL
2025-03-30 19:05:58,529 - INFO - Data fetched successfully from API
2025-03-30 19:05:58,637 - INFO - Data saved to PostgreSQL
2025-03-30 19:06:29,148 - INFO - Data fetched successfully from API
2025-03-30 19:06:29,267 - INFO - Data saved to PostgreSQL
2025-03-30 19:06:59,769 - INFO - Data fetched successfully from API
2025-03-30 19:06:59,993 - INFO - Data saved to PostgreSQL
2025-03-30 19:07:30,697 - INFO - Data fetched successfully from API
2025-03-30 19:07:30,813 - INFO - Data saved to PostgreSQL
2025-03-30 19:08:01,253 - INFO - Data fetched successfully from API
2025-03-30 19:08:01,364 - INFO - Data saved to PostgreSQL
2025-03-30 19:08:31,778 - INFO - Data fetched successfully from API
2025-03-30 19:08:31,900 - INFO - Data saved to PostgreSQL
2025-03-30 19:09:02,296 - INFO - Data fetched successfully from API
2025-03-30 19:09:02,418 - INFO - Data saved to PostgreSQL
2025-03-30 19:09:32,825 - INFO - Data fetched successfully from API
2025-03-30 19:09:32,944 - INFO - Data saved to PostgreSQL
2025-03-30 19:10:03,482 - INFO - Data fetched successfully from API
2025-03-30 19:10:03,598 - INFO - Data saved to PostgreSQL
2025-03-30 19:10:34,053 - INFO - Data fetched successfully from API
2025-03-30 19:10:34,156 - INFO - Data saved to PostgreSQL
2025-03-30 19:11:04,617 - INFO - Data fetched successfully from API
2025-03-30 19:11:04,727 - INFO - Data saved to PostgreSQL
2025-03-30 19:11:35,235 - INFO - Data fetched successfully from API
2025-03-30 19:11:35,343 - INFO - Data saved to PostgreSQL
2025-03-30 19:12:05,736 - INFO - Data fetched successfully from API
2025-03-30 19:12:05,859 - INFO - Data saved to PostgreSQL
2025-03-30 19:12:36,276 - INFO - Data fetched successfully from API
2025-03-30 19:12:36,389 - INFO - Data saved to PostgreSQL
2025-03-30 19:13:06,790 - INFO - Data fetched successfully from API
2025-03-30 19:13:06,904 - INFO - Data saved to PostgreSQL
2025-03-30 19:13:37,306 - INFO - Data fetched successfully from API
2025-03-30 19:13:37,419 - INFO - Data saved to PostgreSQL
2025-03-30 19:14:08,022 - INFO - Data fetched successfully from API
2025-03-30 19:14:08,132 - INFO - Data saved to PostgreSQL
2025-03-30 19:14:38,643 - INFO - Data fetched successfully from API
2025-03-30 19:14:38,760 - INFO - Data saved to PostgreSQL
2025-03-30 19:15:09,177 - INFO - Data fetched successfully from API
2025-03-30 19:15:09,293 - INFO - Data saved to PostgreSQL
2025-03-30 19:15:39,750 - INFO - Data fetched successfully from API
2025-03-30 19:15:39,872 - INFO - Data saved to PostgreSQL
2025-03-30 19:16:10,397 - INFO - Data fetched successfully from API
2025-03-30 19:16:10,516 - INFO - Data saved to PostgreSQL
2025-03-30 19:16:40,990 - INFO - Data fetched successfully from API
2025-03-30 19:16:41,103 - INFO - Data saved to PostgreSQL
2025-03-30 19:17:11,618 - INFO - Data fetched successfully from API
2025-03-30 19:17:11,731 - INFO - Data saved to PostgreSQL
2025-03-30 19:17:42,248 - INFO - Data fetched successfully from API
2025-03-30 19:17:42,371 - INFO - Data saved to PostgreSQL
2025-03-30 19:18:12,872 - INFO - Data fetched successfully from API
2025-03-30 19:18:12,986 - INFO - Data saved to PostgreSQL
2025-03-30 19:18:43,798 - INFO - Data fetched successfully from API
2025-03-30 19:18:43,916 - INFO - Data saved to PostgreSQL
2025-03-30 19:19:14,320 - INFO - Data fetched successfully from API
2025-03-30 19:19:14,438 - INFO - Data saved to PostgreSQL
2025-03-30 19:19:44,932 - INFO - Data fetched successfully from API
2025-03-30 19:19:45,034 - INFO - Data saved to PostgreSQL
2025-03-30 19:20:17,374 - INFO - Data fetched successfully from API
2025-03-30 19:20:17,500 - INFO - Data saved to PostgreSQL
2025-03-30 19:20:47,911 - INFO - Data fetched successfully from API
2025-03-30 19:20:48,022 - INFO - Data saved to PostgreSQL
2025-03-30 19:21:18,526 - INFO - Data fetched successfully from API
2025-03-30 19:21:18,651 - INFO - Data saved to PostgreSQL
2025-03-30 19:21:49,148 - INFO - Data fetched successfully from API
2025-03-30 19:21:49,255 - INFO - Data saved to PostgreSQL
2025-03-30 19:22:20,279 - INFO - Data fetched successfully from API
2025-03-30 19:22:20,392 - INFO - Data saved to PostgreSQL
2025-03-30 19:22:50,899 - INFO - Data fetched successfully from API
2025-03-30 19:22:51,003 - INFO - Data saved to PostgreSQL
2025-03-30 19:23:21,539 - INFO - Data fetched successfully from API
2025-03-30 19:23:21,643 - INFO - Data saved to PostgreSQL
2025-03-30 19:23:52,103 - INFO - Data fetched successfully from API
2025-03-30 19:23:52,253 - INFO - Data saved to PostgreSQL
2025-03-30 19:24:22,755 - INFO - Data fetched successfully from API
2025-03-30 19:24:22,871 - INFO - Data saved to PostgreSQL
2025-03-30 19:24:53,280 - INFO - Data fetched successfully from API
2025-03-30 19:24:53,382 - INFO - Data saved to PostgreSQL
2025-03-30 19:25:23,794 - INFO - Data fetched successfully from API
2025-03-30 19:25:23,909 - INFO - Data saved to PostgreSQL
2025-03-30 19:25:54,320 - INFO - Data fetched successfully from API
2025-03-30 19:25:54,438 - INFO - Data saved to PostgreSQL
2025-03-30 19:26:24,917 - INFO - Data fetched successfully from API
2025-03-30 19:26:25,030 - INFO - Data saved to PostgreSQL
2025-03-30 19:26:55,543 - INFO - Data fetched successfully from API
2025-03-30 19:26:55,662 - INFO - Data saved to PostgreSQL
2025-03-30 19:27:26,099 - INFO - Data fetched successfully from API
2025-03-30 19:27:26,215 - INFO - Data saved to PostgreSQL
2025-03-30 19:27:56,679 - INFO - Data fetched successfully from API
2025-03-30 19:27:56,797 - INFO - Data saved to PostgreSQL
2025-03-30 19:28:27,202 - INFO - Data fetched successfully from API
2025-03-30 19:28:27,316 - INFO - Data saved to PostgreSQL
2025-03-30 19:28:58,048 - INFO - Data fetched successfully from API
2025-03-30 19:28:58,156 - INFO - Data saved to PostgreSQL
2025-03-30 19:29:28,594 - INFO - Data fetched successfully from API
2025-03-30 19:29:28,777 - INFO - Data saved to PostgreSQL
2025-03-30 19:29:59,197 - INFO - Data fetched successfully from API
2025-03-30 19:29:59,304 - INFO - Data saved to PostgreSQL
2025-03-30 19:30:29,751 - INFO - Data fetched successfully from API
2025-03-30 19:30:29,867 - INFO - Data saved to PostgreSQL
2025-03-30 19:36:39,403 - INFO - Data fetched successfully from API
2025-03-30 19:36:39,795 - INFO - Data saved to PostgreSQL
2025-03-30 19:37:32,970 - INFO - Data fetched successfully from API
2025-03-30 19:37:33,017 - INFO - Data saved to PostgreSQL
2025-03-30 19:38:03,423 - INFO - Data fetched successfully from API
2025-03-30 19:38:03,464 - INFO - Data saved to PostgreSQL
2025-03-30 19:38:33,924 - INFO - Data fetched successfully from API
2025-03-30 19:38:33,984 - INFO - Data saved to PostgreSQL
2025-03-30 19:39:04,398 - INFO - Data fetched successfully from API
2025-03-30 19:39:04,443 - INFO - Data saved to PostgreSQL
2025-03-30 19:39:34,838 - INFO - Data fetched successfully from API
2025-03-30 19:39:34,880 - INFO - Data saved to PostgreSQL
2025-03-30 19:40:05,299 - INFO - Data fetched successfully from API
2025-03-30 19:40:05,355 - INFO - Data saved to PostgreSQL
2025-03-30 19:40:35,748 - INFO - Data fetched successfully from API
2025-03-30 19:40:35,798 - INFO - Data saved to PostgreSQL
2025-03-30 19:41:06,186 - INFO - Data fetched successfully from API
2025-03-30 19:41:06,251 - INFO - Data saved to PostgreSQL
2025-03-30 19:41:36,642 - INFO - Data fetched successfully from API
2025-03-30 19:41:36,687 - INFO - Data saved to PostgreSQL
2025-03-30 19:42:07,090 - INFO - Data fetched successfully from API
2025-03-30 19:42:07,142 - INFO - Data saved to PostgreSQL
2025-03-30 19:42:37,542 - INFO - Data fetched successfully from API
2025-03-30 19:42:37,584 - INFO - Data saved to PostgreSQL
2025-03-30 19:43:07,978 - INFO - Data fetched successfully from API
2025-03-30 19:43:08,038 - INFO - Data saved to PostgreSQL
2025-03-30 19:43:38,429 - INFO - Data fetched successfully from API
2025-03-30 19:43:38,478 - INFO - Data saved to PostgreSQL
2025-03-30 19:44:08,895 - INFO - Data fetched successfully from API
2025-03-30 19:44:08,940 - INFO - Data saved to PostgreSQL
2025-03-30 19:44:39,319 - INFO - Data fetched successfully from API
2025-03-30 19:44:39,362 - INFO - Data saved to PostgreSQL
2025-03-30 19:45:09,789 - INFO - Data fetched successfully from API
2025-03-30 19:45:09,845 - INFO - Data saved to PostgreSQL
2025-03-30 19:45:40,226 - INFO - Data fetched successfully from API
2025-03-30 19:45:40,276 - INFO - Data saved to PostgreSQL
2025-03-30 19:46:10,685 - INFO - Data fetched successfully from API
2025-03-30 19:46:10,736 - INFO - Data saved to PostgreSQL
2025-03-30 19:46:41,143 - INFO - Data fetched successfully from API
2025-03-30 19:46:41,193 - INFO - Data saved to PostgreSQL
2025-03-30 19:47:11,587 - INFO - Data fetched successfully from API
2025-03-30 19:47:11,637 - INFO - Data saved to PostgreSQL
2025-03-30 19:47:42,153 - INFO - Data fetched successfully from API
2025-03-30 19:47:42,201 - INFO - Data saved to PostgreSQL
2025-03-30 19:48:12,631 - INFO - Data fetched successfully from API
2025-03-30 19:48:12,681 - INFO - Data saved to PostgreSQL
2025-03-30 19:48:43,084 - INFO - Data fetched successfully from API
2025-03-30 19:48:43,135 - INFO - Data saved to PostgreSQL
2025-03-30 19:49:13,575 - INFO - Data fetched successfully from API
2025-03-30 19:49:13,621 - INFO - Data saved to PostgreSQL
2025-03-30 19:49:44,013 - INFO - Data fetched successfully from API
2025-03-30 19:49:44,062 - INFO - Data saved to PostgreSQL
2025-03-30 19:50:17,916 - INFO - Data fetched successfully from API
2025-03-30 19:50:17,966 - INFO - Data saved to PostgreSQL
2025-03-30 19:50:48,367 - INFO - Data fetched successfully from API
2025-03-30 19:50:48,411 - INFO - Data saved to PostgreSQL
2025-03-30 19:51:18,810 - INFO - Data fetched successfully from API
2025-03-30 19:51:18,857 - INFO - Data saved to PostgreSQL
2025-03-30 19:51:49,259 - INFO - Data fetched successfully from API
2025-03-30 19:51:49,302 - INFO - Data saved to PostgreSQL
2025-03-30 19:52:19,689 - INFO - Data fetched successfully from API
2025-03-30 19:52:19,732 - INFO - Data saved to PostgreSQL
2025-03-30 19:52:50,120 - INFO - Data fetched successfully from API
2025-03-30 19:52:50,169 - INFO - Data saved to PostgreSQL
2025-03-30 19:53:20,567 - INFO - Data fetched successfully from API
2025-03-30 19:53:20,617 - INFO - Data saved to PostgreSQL
2025-03-30 19:53:51,202 - INFO - Data fetched successfully from API
2025-03-30 19:53:51,249 - INFO - Data saved to PostgreSQL
2025-03-30 19:54:21,629 - INFO - Data fetched successfully from API
2025-03-30 19:54:21,673 - INFO - Data saved to PostgreSQL
2025-03-30 19:54:52,098 - INFO - Data fetched successfully from API
2025-03-30 19:54:52,148 - INFO - Data saved to PostgreSQL
2025-03-30 19:55:22,586 - INFO - Data fetched successfully from API
2025-03-30 19:55:22,646 - INFO - Data saved to PostgreSQL
2025-03-30 19:55:51,803 - INFO - Data fetched successfully from API
2025-03-30 19:55:51,850 - INFO - Data saved to PostgreSQL
2025-03-30 19:56:22,264 - INFO - Data fetched successfully from API
2025-03-30 19:56:22,314 - INFO - Data saved to PostgreSQL
2025-03-30 19:56:52,716 - INFO - Data fetched successfully from API
2025-03-30 19:56:52,767 - INFO - Data saved to PostgreSQL
2025-03-30 19:57:23,222 - INFO - Data fetched successfully from API
2025-03-30 19:57:23,265 - INFO - Data saved to PostgreSQL
2025-03-30 19:57:53,669 - INFO - Data fetched successfully from API
2025-03-30 19:57:53,726 - INFO - Data saved to PostgreSQL
2025-03-30 19:58:24,197 - INFO - Data fetched successfully from API
2025-03-30 19:58:24,248 - INFO - Data saved to PostgreSQL
2025-03-30 19:58:54,670 - INFO - Data fetched successfully from API
2025-03-30 19:58:54,714 - INFO - Data saved to PostgreSQL
2025-03-30 19:59:25,109 - INFO - Data fetched successfully from API
2025-03-30 19:59:25,269 - INFO - Data saved to PostgreSQL
2025-03-30 19:59:55,663 - INFO - Data fetched successfully from API
2025-03-30 19:59:55,713 - INFO - Data saved to PostgreSQL
2025-03-30 20:00:26,120 - INFO - Data fetched successfully from API
2025-03-30 20:00:26,169 - INFO - Data saved to PostgreSQL
2025-03-30 20:00:56,557 - INFO - Data fetched successfully from API
2025-03-30 20:00:56,605 - INFO - Data saved to PostgreSQL
2025-03-30 20:01:27,002 - INFO - Data fetched successfully from API
2025-03-30 20:01:27,054 - INFO - Data saved to PostgreSQL
2025-03-30 20:01:57,464 - INFO - Data fetched successfully from API
2025-03-30 20:01:57,512 - INFO - Data saved to PostgreSQL
2025-03-30 20:02:27,937 - INFO - Data fetched successfully from API
2025-03-30 20:02:27,985 - INFO - Data saved to PostgreSQL
2025-03-30 20:02:58,409 - INFO - Data fetched successfully from API
2025-03-30 20:02:58,453 - INFO - Data saved to PostgreSQL
2025-03-30 20:03:28,895 - INFO - Data fetched successfully from API
2025-03-30 20:03:28,948 - INFO - Data saved to PostgreSQL
2025-03-30 20:03:59,351 - INFO - Data fetched successfully from API
2025-03-30 20:03:59,402 - INFO - Data saved to PostgreSQL
2025-03-30 20:04:29,901 - INFO - Data fetched successfully from API
2025-03-30 20:04:29,944 - INFO - Data saved to PostgreSQL
2025-03-30 20:05:00,371 - INFO - Data fetched successfully from API
2025-03-30 20:05:00,423 - INFO - Data saved to PostgreSQL
2025-03-30 20:05:30,853 - INFO - Data fetched successfully from API
2025-03-30 20:05:30,899 - INFO - Data saved to PostgreSQL
2025-03-30 20:06:01,288 - INFO - Data fetched successfully from API
2025-03-30 20:06:01,345 - INFO - Data saved to PostgreSQL
2025-03-30 20:06:31,745 - INFO - Data fetched successfully from API
2025-03-30 20:06:31,791 - INFO - Data saved to PostgreSQL
2025-03-30 20:07:02,206 - INFO - Data fetched successfully from API
2025-03-30 20:07:02,251 - INFO - Data saved to PostgreSQL
2025-03-30 20:07:32,678 - INFO - Data fetched successfully from API
2025-03-30 20:07:32,730 - INFO - Data saved to PostgreSQL
2025-03-30 20:08:03,133 - INFO - Data fetched successfully from API
2025-03-30 20:08:03,182 - INFO - Data saved to PostgreSQL
2025-03-30 20:08:33,625 - INFO - Data fetched successfully from API
2025-03-30 20:08:33,678 - INFO - Data saved to PostgreSQL
2025-03-30 20:09:04,076 - INFO - Data fetched successfully from API
2025-03-30 20:09:04,122 - INFO - Data saved to PostgreSQL
2025-03-30 20:09:34,504 - INFO - Data fetched successfully from API
2025-03-30 20:09:34,554 - INFO - Data saved to PostgreSQL
2025-03-30 20:10:04,959 - INFO - Data fetched successfully from API
2025-03-30 20:10:05,016 - INFO - Data saved to PostgreSQL
2025-03-30 20:10:35,406 - INFO - Data fetched successfully from API
2025-03-30 20:10:35,466 - INFO - Data saved to PostgreSQL
2025-03-30 20:11:05,857 - INFO - Data fetched successfully from API
2025-03-30 20:11:05,909 - INFO - Data saved to PostgreSQL
2025-03-30 20:11:36,301 - INFO - Data fetched successfully from API
2025-03-30 20:11:36,349 - INFO - Data saved to PostgreSQL
2025-03-30 20:12:06,824 - INFO - Data fetched successfully from API
2025-03-30 20:12:06,887 - INFO - Data saved to PostgreSQL
2025-03-30 20:12:37,300 - INFO - Data fetched successfully from API
2025-03-30 20:12:37,357 - INFO - Data saved to PostgreSQL
2025-03-30 20:13:07,904 - INFO - Data fetched successfully from API
2025-03-30 20:13:07,968 - INFO - Data saved to PostgreSQL
2025-03-30 20:13:38,381 - INFO - Data fetched successfully from API
2025-03-30 20:13:38,437 - INFO - Data saved to PostgreSQL
2025-03-30 20:14:09,032 - INFO - Data fetched successfully from API
2025-03-30 20:14:09,084 - INFO - Data saved to PostgreSQL
2025-03-30 20:14:39,495 - INFO - Data fetched successfully from API
2025-03-30 20:14:39,551 - INFO - Data saved to PostgreSQL
2025-03-30 20:15:09,991 - INFO - Data fetched successfully from API
2025-03-30 20:15:10,044 - INFO - Data saved to PostgreSQL
{"timestamp": "2025-04-02 18:58:19", "level": "INFO", "message": "{"timestamp": "2025-04-02T18:58:19.320913", "level": "INFO", "message": "\ud83d\ude80 Pipeline execution started"}"}
{"timestamp": "2025-04-02 18:58:19", "level": "INFO", "message": "{"timestamp": "2025-04-02T18:58:19.325951", "level": "ERROR", "message": "Error setting up database", "error": "connection to server at \"localhost\" (::1), port 5432 failed: Connection refused\n\tIs the server running on that host and accepting TCP/IP connections?\nconnection to server at \"localhost\" (127.0.0.1), port 5432 failed: Connection refused\n\tIs the server running on that host and accepting TCP/IP connections?\n"}"}
{"timestamp": "2025-04-02 18:58:19", "level": "INFO", "message": "{"timestamp": "2025-04-02T18:58:19.805638", "level": "INFO", "message": "Fetched 20 random users from API"}"}
{"timestamp": "2025-04-02 18:58:19", "level": "INFO", "message": "{"timestamp": "2025-04-02T18:58:19.822579", "level": "INFO", "message": "Raw data saved to data/raw/raw_data.json"}"}
{"timestamp": "2025-04-02 18:58:19", "level": "INFO", "message": "{"timestamp": "2025-04-02T18:58:19.823991", "level": "ERROR", "message": "Error loading data into PostgreSQL", "error": "connection to server at \"localhost\" (::1), port 5432 failed: Connection refused\n\tIs the server running on that host and accepting TCP/IP connections?\nconnection to server at \"localhost\" (127.0.0.1), port 5432 failed: Connection refused\n\tIs the server running on that host and accepting TCP/IP connections?\n"}"}
{"timestamp": "2025-04-02 18:58:19", "level": "INFO", "message": "{"timestamp": "2025-04-02T18:58:19.824949", "level": "ERROR", "message": "Error populating identities and profiles", "error": "connection to server at \"localhost\" (::1), port 5432 failed: Connection refused\n\tIs the server running on that host and accepting TCP/IP connections?\nconnection to server at \"localhost\" (127.0.0.1), port 5432 failed: Connection refused\n\tIs the server running on that host and accepting TCP/IP connections?\n"}"}
{"timestamp": "2025-04-02 19:04:07", "level": "INFO", "message": "{"timestamp": "2025-04-02T19:04:07.347188", "level": "INFO", "message": "\ud83d\ude80 Pipeline execution started"}"}
{"timestamp": "2025-04-02 19:04:07", "level": "INFO", "message": "{"timestamp": "2025-04-02T19:04:07.349305", "level": "ERROR", "message": "Error setting up database", "error": "connection to server at \"localhost\" (::1), port 5432 failed: Connection refused\n\tIs the server running on that host and accepting TCP/IP connections?\nconnection to server at \"localhost\" (127.0.0.1), port 5432 failed: Connection refused\n\tIs the server running on that host and accepting TCP/IP connections?\n"}"}
{"timestamp": "2025-04-02 19:04:07", "level": "INFO", "message": "{"timestamp": "2025-04-02T19:04:07.798835", "level": "INFO", "message": "Fetched 20 random users from API"}"}
{"timestamp": "2025-04-02 19:04:07", "level": "INFO", "message": "{"timestamp": "2025-04-02T19:04:07.816813", "level": "INFO", "message": "Raw data saved to data/raw/raw_data.json"}"}
{"timestamp": "2025-04-02 19:04:07", "level": "INFO", "message": "{"timestamp": "2025-04-02T19:04:07.818089", "level": "ERROR", "message": "Error loading data into PostgreSQL", "error": "connection to server at \"localhost\" (::1), port 5432 failed: Connection refused\n\tIs the server running on that host and accepting TCP/IP connections?\nconnection to server at \"localhost\" (127.0.0.1), port 5432 failed: Connection refused\n\tIs the server running on that host and accepting TCP/IP connections?\n"}"}
{"timestamp": "2025-04-02 19:04:07", "level": "INFO", "message": "{"timestamp": "2025-04-02T19:04:07.819175", "level": "ERROR", "message": "Error populating identities and profiles", "error": "connection to server at \"localhost\" (::1), port 5432 failed: Connection refused\n\tIs the server running on that host and accepting TCP/IP connections?\nconnection to server at \"localhost\" (127.0.0.1), port 5432 failed: Connection refused\n\tIs the server running on that host and accepting TCP/IP connections?\n"}"}
{"timestamp": "2025-04-02 19:04:07", "level": "INFO", "message": "{"timestamp": "2025-04-02T19:04:07.946262", "level": "INFO", "message": "\ud83c\udfc1 Pipeline execution completed successfully"}"}
{"timestamp": "2025-04-02 19:08:42", "level": "INFO", "message": "{"timestamp": "2025-04-02T19:08:42.516003", "level": "INFO", "message": "\ud83d\ude80 Pipeline execution started"}"}
{"timestamp": "2025-04-02 19:08:42", "level": "INFO", "message": "{"timestamp": "2025-04-02T19:08:42.520145", "level": "ERROR", "message": "Error setting up database", "error": "connection to server at \"localhost\" (::1), port 5432 failed: Connection refused\n\tIs the server running on that host and accepting TCP/IP connections?\nconnection to server at \"localhost\" (127.0.0.1), port 5432 failed: Connection refused\n\tIs the server running on that host and accepting TCP/IP connections?\n"}"}
{"timestamp": "2025-04-02 19:08:42", "level": "INFO", "message": "{"timestamp": "2025-04-02T19:08:42.969279", "level": "INFO", "message": "Fetched 20 random users from API"}"}
{"timestamp": "2025-04-02 19:08:42", "level": "INFO", "message": "{"timestamp": "2025-04-02T19:08:42.986226", "level": "INFO", "message": "Raw data saved to data/raw/raw_data.json"}"}
{"timestamp": "2025-04-02 19:08:42", "level": "INFO", "message": "{"timestamp": "2025-04-02T19:08:42.987616", "level": "ERROR", "message": "Error loading data into PostgreSQL", "error": "connection to server at \"localhost\" (::1), port 5432 failed: Connection refused\n\tIs the server running on that host and accepting TCP/IP connections?\nconnection to server at \"localhost\" (127.0.0.1), port 5432 failed: Connection refused\n\tIs the server running on that host and accepting TCP/IP connections?\n"}"}
{"timestamp": "2025-04-02 19:08:42", "level": "INFO", "message": "{"timestamp": "2025-04-02T19:08:42.988804", "level": "ERROR", "message": "Error populating identities and profiles", "error": "connection to server at \"localhost\" (::1), port 5432 failed: Connection refused\n\tIs the server running on that host and accepting TCP/IP connections?\nconnection to server at \"localhost\" (127.0.0.1), port 5432 failed: Connection refused\n\tIs the server running on that host and accepting TCP/IP connections?\n"}"}
{"timestamp": "2025-04-02 19:08:43", "level": "INFO", "message": "{"timestamp": "2025-04-02T19:08:43.111087", "level": "INFO", "message": "\ud83c\udfc1 Pipeline execution completed successfully"}"}
{"timestamp": "2025-04-02 19:12:35", "level": "INFO", "message": "{"timestamp": "2025-04-02T19:12:35.657031", "level": "INFO", "message": "\ud83d\ude80 Pipeline execution started"}"}
{"timestamp": "2025-04-02 19:12:35", "level": "INFO", "message": "{"timestamp": "2025-04-02T19:12:35.659060", "level": "ERROR", "message": "Error setting up database", "error": "connection to server at \"localhost\" (::1), port 5432 failed: Connection refused\n\tIs the server running on that host and accepting TCP/IP connections?\nconnection to server at \"localhost\" (127.0.0.1), port 5432 failed: Connection refused\n\tIs the server running on that host and accepting TCP/IP connections?\n"}"}
{"timestamp": "2025-04-02 19:12:36", "level": "INFO", "message": "{"timestamp": "2025-04-02T19:12:36.145811", "level": "INFO", "message": "Fetched 20 random users from API"}"}
{"timestamp": "2025-04-02 19:12:36", "level": "INFO", "message": "{"timestamp": "2025-04-02T19:12:36.162809", "level": "INFO", "message": "Raw data saved to data/raw/raw_data.json"}"}
{"timestamp": "2025-04-02 19:12:36", "level": "INFO", "message": "{"timestamp": "2025-04-02T19:12:36.164278", "level": "ERROR", "message": "Error loading data into PostgreSQL", "error": "connection to server at \"localhost\" (::1), port 5432 failed: Connection refused\n\tIs the server running on that host and accepting TCP/IP connections?\nconnection to server at \"localhost\" (127.0.0.1), port 5432 failed: Connection refused\n\tIs the server running on that host and accepting TCP/IP connections?\n"}"}
{"timestamp": "2025-04-02 19:12:36", "level": "INFO", "message": "{"timestamp": "2025-04-02T19:12:36.165484", "level": "ERROR", "message": "Error populating identities and profiles", "error": "connection to server at \"localhost\" (::1), port 5432 failed: Connection refused\n\tIs the server running on that host and accepting TCP/IP connections?\nconnection to server at \"localhost\" (127.0.0.1), port 5432 failed: Connection refused\n\tIs the server running on that host and accepting TCP/IP connections?\n"}"}
{"timestamp": "2025-04-02 19:12:36", "level": "INFO", "message": "{"timestamp": "2025-04-02T19:12:36.272252", "level": "INFO", "message": "\ud83c\udfc1 Pipeline execution completed successfully"}"}
